D, [2011-08-20T11:36:11.906448 #23624] DEBUG -- :   [1m[36mSQL (0.3ms)[0m  [1m SELECT name
 FROM sqlite_master
 WHERE type = 'table' AND NOT name = 'sqlite_sequence'
[0m
D, [2011-08-20T13:15:30.804969 #24654] DEBUG -- :   [1m[36mSQL (0.3ms)[0m  [1m SELECT name
 FROM sqlite_master
 WHERE type = 'table' AND NOT name = 'sqlite_sequence'
[0m
D, [2011-08-20T13:16:12.144227 #24689] DEBUG -- :   [1m[36mSQL (0.3ms)[0m  [1m SELECT name
 FROM sqlite_master
 WHERE type = 'table' AND NOT name = 'sqlite_sequence'
[0m
D, [2011-08-20T13:16:12.144533 #24689] DEBUG -- :   [1m[35mSQL (0.1ms)[0m   SELECT name
 FROM sqlite_master
 WHERE type = 'table' AND NOT name = 'sqlite_sequence'

D, [2011-08-20T13:16:12.144903 #24689] DEBUG -- :   [1m[36mSQL (0.1ms)[0m  [1mSELECT "schema_migrations"."version" FROM "schema_migrations"[0m
I, [2011-08-20T13:16:12.144948 #24689]  INFO -- : Migrating to CreateUsers (201108201012010100)
D, [2011-08-20T13:16:12.145062 #24689] DEBUG -- :   [1m[35mSQL (0.0ms)[0m  select sqlite_version(*)
D, [2011-08-20T13:16:12.293742 #24689] DEBUG -- :   [1m[36mSQL (0.7ms)[0m  [1mCREATE TABLE "users" ("id" INTEGER PRIMARY KEY AUTOINCREMENT NOT NULL, "name" varchar(255) NOT NULL) [0m
D, [2011-08-20T13:16:12.294590 #24689] DEBUG -- :   [1m[35mSQL (0.2ms)[0m  INSERT INTO "schema_migrations" ("version") VALUES ('201108201012010100')
